2019-04-03 16:50:58,294 [INFO] from play.api.db.DefaultDBApi in play-dev-mode-akka.actor.default-dispatcher-3 - Database [default] initialized at jdbc:h2:file:./data/productsDB
2019-04-03 16:50:58,301 [INFO] from application in play-dev-mode-akka.actor.default-dispatcher-3 - Creating Pool for datasource 'default'
2019-04-03 16:51:00,125 [INFO] from application in play-dev-mode-akka.actor.default-dispatcher-3 - ApplicationTimer demo: Starting application at 2019-04-03T15:51:00.122Z
2019-04-03 16:51:00,184 [WARN] from application in play-dev-mode-akka.actor.default-dispatcher-3 - application.conf @ file:/home/wdd/2ndYearProject/target/scala-2.12/classes/application.conf: 43: play.crypto.secret is deprecated, use play.http.secret.key instead
2019-04-03 16:51:00,757 [WARN] from org.hibernate.validator.messageinterpolation.ParameterMessageInterpolator in play-dev-mode-akka.actor.default-dispatcher-3 - HV000184: ParameterMessageInterpolator has been chosen, EL interpolation will not be supported
2019-04-03 16:51:01,179 [WARN] from application in play-dev-mode-akka.actor.default-dispatcher-3 - application.conf @ file:/home/wdd/2ndYearProject/target/scala-2.12/classes/application.conf: 261: csrf is deprecated, use play.filters.csrf instead
2019-04-03 16:51:01,201 [INFO] from play.api.http.EnabledFilters in play-dev-mode-akka.actor.default-dispatcher-3 - Enabled Filters (see <https://www.playframework.com/documentation/latest/Filters>):

    play.filters.csrf.CSRFFilter
    play.filters.headers.SecurityHeadersFilter
    play.filters.hosts.AllowedHostsFilter

2019-04-03 16:51:01,229 [INFO] from play.api.Play in play-dev-mode-akka.actor.default-dispatcher-3 - Application started (Dev)
2019-04-03 17:06:13,212 [INFO] from application in application-akka.actor.default-dispatcher-12 - ApplicationTimer demo: Stopping application at 2019-04-03T16:06:13.212Z after 913s.
2019-04-03 17:06:13,216 [INFO] from application in application-akka.actor.default-dispatcher-12 - Shutting down connection pool.
2019-04-03 17:06:13,766 [INFO] from play.api.db.DefaultDBApi in play-dev-mode-akka.actor.default-dispatcher-14 - Database [default] initialized at jdbc:h2:file:./data/productsDB
2019-04-03 17:06:13,767 [INFO] from application in play-dev-mode-akka.actor.default-dispatcher-14 - Creating Pool for datasource 'default'
2019-04-03 17:06:13,984 [INFO] from application in play-dev-mode-akka.actor.default-dispatcher-14 - ApplicationTimer demo: Starting application at 2019-04-03T16:06:13.984Z
2019-04-03 17:06:14,002 [WARN] from application in play-dev-mode-akka.actor.default-dispatcher-14 - application.conf @ file:/home/wdd/2ndYearProject/target/scala-2.12/classes/application.conf: 43: play.crypto.secret is deprecated, use play.http.secret.key instead
2019-04-03 17:06:14,064 [WARN] from org.hibernate.validator.messageinterpolation.ParameterMessageInterpolator in play-dev-mode-akka.actor.default-dispatcher-14 - HV000184: ParameterMessageInterpolator has been chosen, EL interpolation will not be supported
2019-04-03 17:06:14,250 [WARN] from application in play-dev-mode-akka.actor.default-dispatcher-14 - application.conf @ file:/home/wdd/2ndYearProject/target/scala-2.12/classes/application.conf: 261: csrf is deprecated, use play.filters.csrf instead
2019-04-03 17:06:14,258 [INFO] from play.api.http.EnabledFilters in play-dev-mode-akka.actor.default-dispatcher-14 - Enabled Filters (see <https://www.playframework.com/documentation/latest/Filters>):

    play.filters.csrf.CSRFFilter
    play.filters.headers.SecurityHeadersFilter
    play.filters.hosts.AllowedHostsFilter

2019-04-03 17:06:14,262 [INFO] from play.api.Play in play-dev-mode-akka.actor.default-dispatcher-14 - Application started (Dev)
2019-04-03 17:06:31,530 [WARN] from application in application-akka.actor.default-dispatcher-4 - The "validate" method in class "models.users.Login" is deprecated since Play 2.6. To migrate to class-level constraints see https://www.playframework.com/documentation/2.6.x/Migration26#java-form-changes and https://www.playframework.com/documentation/2.6.x/JavaForms#Advanced-validation
2019-04-03 17:06:38,900 [DEBUG] from application in application-akka.actor.default-dispatcher-11 - id: customer@sneakersan.com
2019-04-03 17:08:25,890 [DEBUG] from application in application-akka.actor.default-dispatcher-2 - id: customer@sneakersan.com
2019-04-03 17:08:42,201 [DEBUG] from application in application-akka.actor.default-dispatcher-12 - id: customer@sneakersan.com
2019-04-03 17:08:46,164 [DEBUG] from application in application-akka.actor.default-dispatcher-14 - id: customer@sneakersan.com
2019-04-03 17:08:46,206 [WARN] from play in application-akka.actor.default-dispatcher-14 - You are using status code '200' with flashing, which should only be used with a redirect status!
2019-04-03 17:08:51,481 [DEBUG] from application in application-akka.actor.default-dispatcher-13 - id: customer@sneakersan.com
2019-04-03 17:09:02,945 [DEBUG] from application in application-akka.actor.default-dispatcher-13 - id: customer@sneakersan.com
2019-04-03 17:09:03,004 [DEBUG] from application in application-akka.actor.default-dispatcher-13 - id: customer@sneakersan.com
2019-04-03 17:09:16,102 [DEBUG] from application in application-akka.actor.default-dispatcher-14 - id: customer@sneakersan.com
2019-04-03 17:09:17,565 [DEBUG] from application in application-akka.actor.default-dispatcher-15 - id: customer@sneakersan.com
2019-04-03 17:11:02,362 [INFO] from application in application-akka.actor.default-dispatcher-22 - ApplicationTimer demo: Stopping application at 2019-04-03T16:11:02.362Z after 289s.
2019-04-03 17:11:02,362 [INFO] from application in application-akka.actor.default-dispatcher-22 - Shutting down connection pool.
2019-04-03 17:11:02,879 [INFO] from play.api.db.DefaultDBApi in play-dev-mode-akka.actor.default-dispatcher-16 - Database [default] initialized at jdbc:h2:file:./data/productsDB
2019-04-03 17:11:02,880 [INFO] from application in play-dev-mode-akka.actor.default-dispatcher-16 - Creating Pool for datasource 'default'
2019-04-03 17:11:03,031 [INFO] from application in play-dev-mode-akka.actor.default-dispatcher-16 - ApplicationTimer demo: Starting application at 2019-04-03T16:11:03.031Z
2019-04-03 17:11:03,041 [WARN] from application in play-dev-mode-akka.actor.default-dispatcher-16 - application.conf @ file:/home/wdd/2ndYearProject/target/scala-2.12/classes/application.conf: 43: play.crypto.secret is deprecated, use play.http.secret.key instead
2019-04-03 17:11:03,056 [WARN] from org.hibernate.validator.messageinterpolation.ParameterMessageInterpolator in play-dev-mode-akka.actor.default-dispatcher-16 - HV000184: ParameterMessageInterpolator has been chosen, EL interpolation will not be supported
2019-04-03 17:11:03,196 [WARN] from application in play-dev-mode-akka.actor.default-dispatcher-16 - application.conf @ file:/home/wdd/2ndYearProject/target/scala-2.12/classes/application.conf: 261: csrf is deprecated, use play.filters.csrf instead
2019-04-03 17:11:03,199 [INFO] from play.api.http.EnabledFilters in play-dev-mode-akka.actor.default-dispatcher-16 - Enabled Filters (see <https://www.playframework.com/documentation/latest/Filters>):

    play.filters.csrf.CSRFFilter
    play.filters.headers.SecurityHeadersFilter
    play.filters.hosts.AllowedHostsFilter

2019-04-03 17:11:03,201 [INFO] from play.api.Play in play-dev-mode-akka.actor.default-dispatcher-16 - Application started (Dev)
2019-04-03 17:11:12,588 [DEBUG] from application in application-akka.actor.default-dispatcher-3 - id: customer@sneakersan.com
2019-04-03 17:11:17,800 [DEBUG] from application in application-akka.actor.default-dispatcher-6 - id: customer@sneakersan.com
2019-04-03 17:11:25,631 [DEBUG] from application in application-akka.actor.default-dispatcher-6 - id: customer@sneakersan.com
2019-04-03 17:25:02,167 [ERROR] from application in play-dev-mode-akka.actor.default-dispatcher-28 - 

! @7bdcnjhil - Internal server error, for (GET) [/viewOrders] ->
 
play.sbt.PlayExceptions$CompilationException: Compilation error[not found: value filter]
	at play.sbt.PlayExceptions$CompilationException$.apply(PlayExceptions.scala:34)
	at play.sbt.PlayExceptions$CompilationException$.apply(PlayExceptions.scala:34)
	at scala.Option.map(Option.scala:146)
	at play.sbt.run.PlayReload$.$anonfun$taskFailureHandler$1(PlayReload.scala:33)
	at scala.Option.map(Option.scala:146)
	at play.sbt.run.PlayReload$.taskFailureHandler(PlayReload.scala:28)
	at play.sbt.run.PlayReload$.compileFailure(PlayReload.scala:24)
	at play.sbt.run.PlayReload$.$anonfun$compile$3(PlayReload.scala:51)
	at scala.util.Either$LeftProjection.map(Either.scala:569)
	at play.sbt.run.PlayReload$.compile(PlayReload.scala:51)
	at play.sbt.run.PlayRun$.$anonfun$playRunTask$4(PlayRun.scala:76)
	at play.runsupport.Reloader.$anonfun$reload$1(Reloader.scala:412)
	at play.runsupport.Reloader$$anon$1.run(Reloader.scala:50)
	at java.security.AccessController.doPrivileged(Native Method)
	at play.runsupport.Reloader$.play$runsupport$Reloader$$withReloaderContextClassLoader(Reloader.scala:55)
	at play.runsupport.Reloader.reload(Reloader.scala:412)
	at play.core.server.DevServerStart$$anon$1.get(DevServerStart.scala:123)
	at play.core.server.AkkaHttpServer.handleRequest(AkkaHttpServer.scala:241)
	at play.core.server.AkkaHttpServer.$anonfun$createServerBinding$1(AkkaHttpServer.scala:138)
	at akka.stream.impl.fusing.MapAsyncUnordered$$anon$31.onPush(Ops.scala:1318)
	at akka.stream.impl.fusing.GraphInterpreter.processPush(GraphInterpreter.scala:519)
	at akka.stream.impl.fusing.GraphInterpreter.processEvent(GraphInterpreter.scala:482)
	at akka.stream.impl.fusing.GraphInterpreter.execute(GraphInterpreter.scala:378)
	at akka.stream.impl.fusing.GraphInterpreterShell.runBatch(ActorGraphInterpreter.scala:588)
	at akka.stream.impl.fusing.GraphInterpreterShell$AsyncInput.execute(ActorGraphInterpreter.scala:472)
	at akka.stream.impl.fusing.GraphInterpreterShell.processEvent(ActorGraphInterpreter.scala:563)
	at akka.stream.impl.fusing.ActorGraphInterpreter.akka$stream$impl$fusing$ActorGraphInterpreter$$processEvent(ActorGraphInterpreter.scala:745)
	at akka.stream.impl.fusing.ActorGraphInterpreter$$anonfun$receive$1.applyOrElse(ActorGraphInterpreter.scala:760)
	at akka.actor.Actor.aroundReceive(Actor.scala:517)
	at akka.actor.Actor.aroundReceive$(Actor.scala:515)
	at akka.stream.impl.fusing.ActorGraphInterpreter.aroundReceive(ActorGraphInterpreter.scala:670)
	at akka.actor.ActorCell.receiveMessage(ActorCell.scala:588)
	at akka.actor.ActorCell.invoke(ActorCell.scala:557)
	at akka.dispatch.Mailbox.processMailbox(Mailbox.scala:258)
	at akka.dispatch.Mailbox.run(Mailbox.scala:225)
	at akka.dispatch.Mailbox.exec(Mailbox.scala:235)
	at akka.dispatch.forkjoin.ForkJoinTask.doExec(ForkJoinTask.java:260)
	at akka.dispatch.forkjoin.ForkJoinPool$WorkQueue.runTask(ForkJoinPool.java:1339)
	at akka.dispatch.forkjoin.ForkJoinPool.runWorker(ForkJoinPool.java:1979)
	at akka.dispatch.forkjoin.ForkJoinWorkerThread.run(ForkJoinWorkerThread.java:107)
2019-04-03 17:25:38,014 [INFO] from application in application-akka.actor.default-dispatcher-2 - ApplicationTimer demo: Stopping application at 2019-04-03T16:25:38.014Z after 875s.
2019-04-03 17:25:38,015 [INFO] from application in application-akka.actor.default-dispatcher-2 - Shutting down connection pool.
2019-04-03 17:25:38,533 [INFO] from play.api.db.DefaultDBApi in play-dev-mode-akka.actor.default-dispatcher-32 - Database [default] initialized at jdbc:h2:file:./data/productsDB
2019-04-03 17:25:38,535 [INFO] from application in play-dev-mode-akka.actor.default-dispatcher-32 - Creating Pool for datasource 'default'
2019-04-03 17:25:38,707 [INFO] from application in play-dev-mode-akka.actor.default-dispatcher-32 - ApplicationTimer demo: Starting application at 2019-04-03T16:25:38.707Z
2019-04-03 17:25:38,726 [WARN] from application in play-dev-mode-akka.actor.default-dispatcher-32 - application.conf @ file:/home/wdd/2ndYearProject/target/scala-2.12/classes/application.conf: 43: play.crypto.secret is deprecated, use play.http.secret.key instead
2019-04-03 17:25:38,769 [WARN] from org.hibernate.validator.messageinterpolation.ParameterMessageInterpolator in play-dev-mode-akka.actor.default-dispatcher-32 - HV000184: ParameterMessageInterpolator has been chosen, EL interpolation will not be supported
2019-04-03 17:25:38,887 [WARN] from application in play-dev-mode-akka.actor.default-dispatcher-32 - application.conf @ file:/home/wdd/2ndYearProject/target/scala-2.12/classes/application.conf: 261: csrf is deprecated, use play.filters.csrf instead
2019-04-03 17:25:38,891 [INFO] from play.api.http.EnabledFilters in play-dev-mode-akka.actor.default-dispatcher-32 - Enabled Filters (see <https://www.playframework.com/documentation/latest/Filters>):

    play.filters.csrf.CSRFFilter
    play.filters.headers.SecurityHeadersFilter
    play.filters.hosts.AllowedHostsFilter

2019-04-03 17:25:38,894 [INFO] from play.api.Play in play-dev-mode-akka.actor.default-dispatcher-32 - Application started (Dev)
2019-04-03 17:25:38,950 [DEBUG] from application in application-akka.actor.default-dispatcher-3 - id: customer@sneakersan.com
2019-04-03 17:25:45,355 [INFO] from play.core.server.AkkaHttpServer in pool-5-thread-4 - Stopping server...
2019-04-03 17:25:45,406 [INFO] from application in application-akka.actor.default-dispatcher-7 - ApplicationTimer demo: Stopping application at 2019-04-03T16:25:45.405Z after 7s.
2019-04-03 17:25:45,406 [INFO] from application in application-akka.actor.default-dispatcher-7 - Shutting down connection pool.
